<?xml version="1.0" encoding="UTF-8"?>
<!-- Generated by org.testng.reporters.JUnitReportReporter -->
<testsuite skipped="0" hostname="Nilmie" name="Test.Test" tests="1" failures="0" timestamp="14 Oct 2018 12:06:25 GMT" time="3.804" errors="0">
  <testcase name="test_Home_Page_Appear_Correct" time="3.804" classname="Test.Test"/>
</testsuite> <!-- Test.Test -->
